Compilación iniciada a las 29/10/2014 9:00:42.
     1>Proyecto "C:\Users\AJ\documents\visual studio 2013\Projects\ListasEnlazadasC++\ListasEnlazadasC++\ListasEnlazadasC++.Windows\ListasEnlazadasC++.Windows.vcxproj" en el nodo 2 (Build destinos).
     1>ClCompile:
         C:\Program Files (x86)\Microsoft Visual Studio 12.0\VC\bin\CL.exe /c /I"C:\Users\AJ\documents\visual studio 2013\Projects\ListasEnlazadasC++\ListasEnlazadasC++\ListasEnlazadasC++.Windows\\" /I"Generated Files\\" /IDebug\ /I"C:\Users\AJ\documents\visual studio 2013\Projects\ListasEnlazadasC++\ListasEnlazadasC++\ListasEnlazadasC++.Shared\\" /ZI /ZW /ZW:nostdlib /nologo /W3 /WX- /sdl /MP /Od /Oy- /D _UNICODE /D UNICODE /D _DEBUG /D WINAPI_FAMILY=WINAPI_FAMILY_APP /Gm- /EHsc /RTC1 /MDd /GS /fp:precise /Zc:wchar_t /Zc:forScope /Yu"pch.h" /Fp"Debug\ListasEnlazadasC++.Windows.pch" /Fo"Debug\\" /Fd"Debug\vc120.pdb" /Gd /TP /wd4453 /wd28204 /FU"C:\Program Files (x86)\Microsoft SDKs\Windows\v8.1\ExtensionSDKs\Microsoft.VCLibs\12.0\References\CommonConfiguration\neutral\platform.winmd" /FU"C:\Program Files (x86)\Windows Kits\8.1\References\CommonConfiguration\Neutral\Windows.winmd" /FU"C:\Program Files (x86)\Windows Kits\8.1\References\CommonConfiguration\Neutral\Windows.winmd" /analyze- /errorReport:prompt /bigobj Nodo.cpp
         Nodo.cpp
       CreateWinMD:
         C:\Program Files (x86)\Microsoft Visual Studio 12.0\VC\bin\link.exe /ERRORREPORT:PROMPT /OUT:"C:\Users\AJ\documents\visual studio 2013\Projects\ListasEnlazadasC++\Debug\ListasEnlazadasC++.Windows\ListasEnlazadasC++.Windows.exe" /INCREMENTAL /NOLOGO kernel32.lib /MANIFEST:NO /DEBUG /PDB:"C:\Users\AJ\documents\visual studio 2013\Projects\ListasEnlazadasC++\Debug\ListasEnlazadasC++.Windows\ListasEnlazadasC++.Windows.pdb" /SUBSYSTEM:WINDOWS /TLBID:1 /APPCONTAINER /WINMD:ONLY /WINMDFILE:"C:\Users\AJ\documents\visual studio 2013\Projects\ListasEnlazadasC++\Debug\ListasEnlazadasC++.Windows\ListasEnlazadasC__.winmd" /DYNAMICBASE /NXCOMPAT /MACHINE:X86 Debug\App.xaml.obj
         Debug\pch.obj
         Debug\Lista.obj
         Debug\MainPage.xaml.obj
         Debug\Nodo.obj
         Debug\XamlTypeInfo.Impl.g.obj
       Link:
         C:\Program Files (x86)\Microsoft Visual Studio 12.0\VC\bin\link.exe /ERRORREPORT:PROMPT /OUT:"C:\Users\AJ\documents\visual studio 2013\Projects\ListasEnlazadasC++\Debug\ListasEnlazadasC++.Windows\ListasEnlazadasC++.Windows.exe" /INCREMENTAL /NOLOGO kernel32.lib /MANIFEST:NO /DEBUG /PDB:"C:\Users\AJ\documents\visual studio 2013\Projects\ListasEnlazadasC++\Debug\ListasEnlazadasC++.Windows\ListasEnlazadasC++.Windows.pdb" /SUBSYSTEM:WINDOWS /TLBID:1 /APPCONTAINER /WINMD:NO /WINMDFILE:"C:\Users\AJ\documents\visual studio 2013\Projects\ListasEnlazadasC++\Debug\ListasEnlazadasC++.Windows\ListasEnlazadasC__.winmd" /DYNAMICBASE /NXCOMPAT /MACHINE:X86 Debug\App.xaml.obj
         Debug\pch.obj
         Debug\Lista.obj
         Debug\MainPage.xaml.obj
         Debug\Nodo.obj
         Debug\XamlTypeInfo.Impl.g.obj
         Debug\XamlTypeInfo.g.obj
         ListasEnlazadasC++.Windows.vcxproj -> C:\Users\AJ\documents\visual studio 2013\Projects\ListasEnlazadasC++\Debug\ListasEnlazadasC++.Windows\ListasEnlazadasC++.Windows.exe
     1>Compilación del proyecto terminada "C:\Users\AJ\documents\visual studio 2013\Projects\ListasEnlazadasC++\ListasEnlazadasC++\ListasEnlazadasC++.Windows\ListasEnlazadasC++.Windows.vcxproj" (Build destinos).

Compilación correcta.

Tiempo transcurrido 00:00:01.36
